<?xml version="1.0" encoding="UTF-8"?>
<testng-results ignored="0" total="1" passed="1" failed="0" skipped="0">
  <reporter-output>
  </reporter-output>
  <suite started-at="2021-09-29T19:02:17 IST" name="Default suite" finished-at="2021-09-29T19:02:27 IST" duration-ms="9382">
    <groups>
    </groups>
    <test started-at="2021-09-29T19:02:17 IST" name="Default test" finished-at="2021-09-29T19:02:27 IST" duration-ms="9382">
      <class name="return_response_type">
        <test-method signature="resTest()[pri:0, instance:return_response_type@2dd80673]" started-at="2021-09-29T19:02:17 IST" name="resTest" finished-at="2021-09-29T19:02:27 IST" duration-ms="9302" status="PASS">
          <reporter-output>
          </reporter-output>
        </test-method> <!-- resTest -->
      </class> <!-- return_response_type -->
    </test> <!-- Default test -->
  </suite> <!-- Default suite -->
</testng-results>
