<?xml version="1.0" encoding="UTF-8"?>
<testng-results ignored="0" total="1" passed="1" failed="0" skipped="0">
  <reporter-output>
  </reporter-output>
  <suite started-at="2021-10-03T21:40:48 IST" name="Default suite" finished-at="2021-10-03T21:40:48 IST" duration-ms="212">
    <groups>
    </groups>
    <test started-at="2021-10-03T21:40:48 IST" name="Default test" finished-at="2021-10-03T21:40:48 IST" duration-ms="212">
      <class name="fetch_data_from_excel">
        <test-method signature="getData()[pri:0, instance:fetch_data_from_excel@50caa560]" started-at="2021-10-03T21:40:48 IST" name="getData" finished-at="2021-10-03T21:40:48 IST" duration-ms="166" status="PASS">
          <reporter-output>
          </reporter-output>
        </test-method> <!-- getData -->
      </class> <!-- fetch_data_from_excel -->
    </test> <!-- Default test -->
  </suite> <!-- Default suite -->
</testng-results>
